Build started 2/13/2014 2:01:18 PM.
     1>Project "C:\Documents and Settings\Admin\My Documents\Visual Studio 2010\Projects\CodeEvalSolutions\UglyNumbers\UglyNumbers\UglyNumbers.vcxproj" on node 2 (build target(s)).
     1>InitializeBuildStatus:
         Creating "Debug\UglyNumbers.unsuccessfulbuild" because "AlwaysCreate" was specified.
       ClCompile:
         All outputs are up-to-date.
         c:\Program Files\Microsoft Visual Studio 10.0\VC\bin\CL.exe /c /ZI /nologo /W3 /WX- /Od /Oy- /D WIN32 /D _DEBUG /D _CONSOLE /D _UNICODE /D UNICODE /Gm /EHsc /RTC1 /MDd /GS /fp:precise /Zc:wchar_t /Zc:forScope /Yu"StdAfx.h" /Fp"Debug\UglyNumbers.pch" /Fo"Debug\\" /Fd"Debug\vc100.pdb" /Gd /TP /analyze- /errorReport:prompt UglyNumbers.cpp
         UglyNumbers.cpp
     1>c:\documents and settings\admin\my documents\visual studio 2010\projects\codeevalsolutions\uglynumbers\uglynumbers\uglynumbers.cpp(33): warning C4244: '=' : conversion from 'const float' to 'int', possible loss of data
     1>c:\documents and settings\admin\my documents\visual studio 2010\projects\codeevalsolutions\uglynumbers\uglynumbers\uglynumbers.cpp(36): warning C4244: 'argument' : conversion from 'int' to 'const float', possible loss of data
     1>c:\documents and settings\admin\my documents\visual studio 2010\projects\codeevalsolutions\uglynumbers\uglynumbers\uglynumbers.cpp(45): warning C4244: '=' : conversion from 'int' to 'float', possible loss of data
       ManifestResourceCompile:
         All outputs are up-to-date.
       Link:
         c:\Program Files\Microsoft Visual Studio 10.0\VC\bin\link.exe /ERRORREPORT:PROMPT /OUT:"C:\Documents and Settings\Admin\My Documents\Visual Studio 2010\Projects\CodeEvalSolutions\UglyNumbers\Debug\UglyNumbers.exe" /INCREMENTAL /NOLOGO kernel32.lib user32.lib gdi32.lib winspool.lib comdlg32.lib advapi32.lib shell32.lib ole32.lib oleaut32.lib uuid.lib odbc32.lib odbccp32.lib /MANIFEST /ManifestFile:"Debug\UglyNumbers.exe.intermediate.manifest" /MANIFESTUAC:"level='asInvoker' uiAccess='false'" /DEBUG /PDB:"C:\Documents and Settings\Admin\My Documents\Visual Studio 2010\Projects\CodeEvalSolutions\UglyNumbers\Debug\UglyNumbers.pdb" /SUBSYSTEM:CONSOLE /TLBID:1 /DYNAMICBASE /NXCOMPAT /IMPLIB:"C:\Documents and Settings\Admin\My Documents\Visual Studio 2010\Projects\CodeEvalSolutions\UglyNumbers\Debug\UglyNumbers.lib" /MACHINE:X86 Debug\UglyNumbers.exe.embed.manifest.res
         Debug\stdafx.obj
         Debug\UglyNumbers.obj
       Manifest:
         C:\Program Files\Microsoft SDKs\Windows\v7.0A\bin\mt.exe /nologo /verbose /out:"Debug\UglyNumbers.exe.embed.manifest" /manifest Debug\UglyNumbers.exe.intermediate.manifest
         All outputs are up-to-date.
       LinkEmbedManifest:
         All outputs are up-to-date.
         UglyNumbers.vcxproj -> C:\Documents and Settings\Admin\My Documents\Visual Studio 2010\Projects\CodeEvalSolutions\UglyNumbers\Debug\UglyNumbers.exe
       FinalizeBuildStatus:
         Deleting file "Debug\UglyNumbers.unsuccessfulbuild".
         Touching "Debug\UglyNumbers.lastbuildstate".
     1>Done Building Project "C:\Documents and Settings\Admin\My Documents\Visual Studio 2010\Projects\CodeEvalSolutions\UglyNumbers\UglyNumbers\UglyNumbers.vcxproj" (build target(s)).

Build succeeded.

Time Elapsed 00:00:01.06
