Build started 2/12/2014 8:09:17 PM.
     1>Project "C:\Documents and Settings\Admin\My Documents\Visual Studio 2010\Projects\ceSumOfPrimes\ceSumOfPrimes\ceSumOfPrimes.vcxproj" on node 2 (build target(s)).
     1>InitializeBuildStatus:
         Creating "Debug\ceSumOfPrimes.unsuccessfulbuild" because "AlwaysCreate" was specified.
       ClCompile:
         All outputs are up-to-date.
         c:\Program Files\Microsoft Visual Studio 10.0\VC\bin\CL.exe /c /ZI /nologo /W3 /WX- /Od /Oy- /D WIN32 /D _DEBUG /D _CONSOLE /D _UNICODE /D UNICODE /Gm /EHsc /RTC1 /MDd /GS /fp:precise /Zc:wchar_t /Zc:forScope /Yu"StdAfx.h" /Fp"Debug\ceSumOfPrimes.pch" /Fo"Debug\\" /Fd"Debug\vc100.pdb" /Gd /TP /analyze- /errorReport:prompt ceSumOfPrimes.cpp
         ceSumOfPrimes.cpp
       ManifestResourceCompile:
         All outputs are up-to-date.
       Link:
         c:\Program Files\Microsoft Visual Studio 10.0\VC\bin\link.exe /ERRORREPORT:PROMPT /OUT:"C:\Documents and Settings\Admin\My Documents\Visual Studio 2010\Projects\ceSumOfPrimes\Debug\ceSumOfPrimes.exe" /INCREMENTAL /NOLOGO kernel32.lib user32.lib gdi32.lib winspool.lib comdlg32.lib advapi32.lib shell32.lib ole32.lib oleaut32.lib uuid.lib odbc32.lib odbccp32.lib /MANIFEST /ManifestFile:"Debug\ceSumOfPrimes.exe.intermediate.manifest" /MANIFESTUAC:"level='asInvoker' uiAccess='false'" /DEBUG /PDB:"C:\Documents and Settings\Admin\My Documents\Visual Studio 2010\Projects\ceSumOfPrimes\Debug\ceSumOfPrimes.pdb" /SUBSYSTEM:CONSOLE /TLBID:1 /DYNAMICBASE /NXCOMPAT /IMPLIB:"C:\Documents and Settings\Admin\My Documents\Visual Studio 2010\Projects\ceSumOfPrimes\Debug\ceSumOfPrimes.lib" /MACHINE:X86 Debug\ceSumOfPrimes.exe.embed.manifest.res
         Debug\ceSumOfPrimes.obj
         Debug\stdafx.obj
       Manifest:
         C:\Program Files\Microsoft SDKs\Windows\v7.0A\bin\mt.exe /nologo /verbose /out:"Debug\ceSumOfPrimes.exe.embed.manifest" /manifest Debug\ceSumOfPrimes.exe.intermediate.manifest
         All outputs are up-to-date.
       LinkEmbedManifest:
         All outputs are up-to-date.
         ceSumOfPrimes.vcxproj -> C:\Documents and Settings\Admin\My Documents\Visual Studio 2010\Projects\ceSumOfPrimes\Debug\ceSumOfPrimes.exe
       FinalizeBuildStatus:
         Deleting file "Debug\ceSumOfPrimes.unsuccessfulbuild".
         Touching "Debug\ceSumOfPrimes.lastbuildstate".
     1>Done Building Project "C:\Documents and Settings\Admin\My Documents\Visual Studio 2010\Projects\ceSumOfPrimes\ceSumOfPrimes\ceSumOfPrimes.vcxproj" (build target(s)).

Build succeeded.

Time Elapsed 00:00:01.03
